The system is: Linux - 4.3.0-ag - x86_64
Compiling the C compiler identification source file "CMakeCCompilerId.c" succeeded.
Compiler: /usr/bin/cc 
Build flags: 
Id flags: 

The output was:
0


Compilation of the C compiler identification source "CMakeCCompilerId.c" produced "a.out"

The C compiler identification is GNU, found in "/home/a/scylla/yaml-cpp/CMakeFiles/3.2.2/CompilerIdC/a.out"

Compiling the CXX compiler identification source file "CMakeCXXCompilerId.cpp" succeeded.
Compiler: /usr/bin/c++ 
Build flags: -std=c++11;-fPIC;-shared;-O3;-Wall;-Ipath/to/the/header
Id flags: 

The output was:
0


Compilation of the CXX compiler identification source "CMakeCXXCompilerId.cpp" produced "a.out"

The CXX compiler identification is Clang, found in "/home/a/scylla/yaml-cpp/CMakeFiles/3.2.2/CompilerIdCXX/a.out"

Determining if the C compiler works passed with the following output:
Change Dir: /home/a/scylla/yaml-cpp/CMakeFiles/CMakeTmp

Run Build Command:"/usr/bin/make" "cmTryCompileExec2387382183/fast"
/usr/bin/make -f CMakeFiles/cmTryCompileExec2387382183.dir/build.make CMakeFiles/cmTryCompileExec2387382183.dir/build
make[1]: Entering directory '/home/a/scylla/yaml-cpp/CMakeFiles/CMakeTmp'
/usr/bin/cmake -E cmake_progress_report /home/a/scylla/yaml-cpp/CMakeFiles/CMakeTmp/CMakeFiles 1
Building C object CMakeFiles/cmTryCompileExec2387382183.dir/testCCompiler.c.o
/usr/bin/cc    -o CMakeFiles/cmTryCompileExec2387382183.dir/testCCompiler.c.o   -c /home/a/scylla/yaml-cpp/CMakeFiles/CMakeTmp/testCCompiler.c
Linking C executable cmTryCompileExec2387382183
/usr/bin/cmake -E cmake_link_script CMakeFiles/cmTryCompileExec2387382183.dir/link.txt --verbose=1
/usr/bin/cc       CMakeFiles/cmTryCompileExec2387382183.dir/testCCompiler.c.o  -o cmTryCompileExec2387382183 -rdynamic 
make[1]: Leaving directory '/home/a/scylla/yaml-cpp/CMakeFiles/CMakeTmp'


Detecting C compiler ABI info compiled with the following output:
Change Dir: /home/a/scylla/yaml-cpp/CMakeFiles/CMakeTmp

Run Build Command:"/usr/bin/make" "cmTryCompileExec3199232954/fast"
/usr/bin/make -f CMakeFiles/cmTryCompileExec3199232954.dir/build.make CMakeFiles/cmTryCompileExec3199232954.dir/build
make[1]: Entering directory '/home/a/scylla/yaml-cpp/CMakeFiles/CMakeTmp'
/usr/bin/cmake -E cmake_progress_report /home/a/scylla/yaml-cpp/CMakeFiles/CMakeTmp/CMakeFiles 1
Building C object CMakeFiles/cmTryCompileExec3199232954.dir/CMakeCCompilerABI.c.o
/usr/bin/cc    -o CMakeFiles/cmTryCompileExec3199232954.dir/CMakeCCompilerABI.c.o   -c /usr/share/cmake-3.2/Modules/CMakeCCompilerABI.c
Linking C executable cmTryCompileExec3199232954
/usr/bin/cmake -E cmake_link_script CMakeFiles/cmTryCompileExec3199232954.dir/link.txt --verbose=1
/usr/bin/cc      -v CMakeFiles/cmTryCompileExec3199232954.dir/CMakeCCompilerABI.c.o  -o cmTryCompileExec3199232954 -rdynamic  
Using built-in specs.
COLLECT_GCC=/usr/bin/cc
COLLECT_LTO_WRAPPER=/usr/lib/gcc/x86_64-linux-gnu/5/lto-wrapper
Target: x86_64-linux-gnu
Configured with: ../src/configure -v --with-pkgversion='Ubuntu 5.2.1-22ubuntu2' --with-bugurl=file:///usr/share/doc/gcc-5/README.Bugs --enable-languages=c,ada,c++,java,go,d,fortran,objc,obj-c++ --prefix=/usr --program-suffix=-5 --enable-shared --enable-linker-build-id --libexecdir=/usr/lib --without-included-gettext --enable-threads=posix --libdir=/usr/lib --enable-nls --with-sysroot=/ --enable-clocale=gnu --enable-libstdcxx-debug --enable-libstdcxx-time=yes --with-default-libstdcxx-abi=new --enable-gnu-unique-object --disable-vtable-verify --enable-libmpx --enable-plugin --with-system-zlib --disable-browser-plugin --enable-java-awt=gtk --enable-gtk-cairo --with-java-home=/usr/lib/jvm/java-1.5.0-gcj-5-amd64/jre --enable-java-home --with-jvm-root-dir=/usr/lib/jvm/java-1.5.0-gcj-5-amd64 --with-jvm-jar-dir=/usr/lib/jvm-exports/java-1.5.0-gcj-5-amd64 --with-arch-directory=amd64 --with-ecj-jar=/usr/share/java/eclipse-ecj.jar --enable-objc-gc --enable-multiarch --disable-werror --with-arch-32=i686 --with-abi=m64 --with-multilib-list=m32,m64,mx32 --enable-multilib --with-tune=generic --enable-checking=release --build=x86_64-linux-gnu --host=x86_64-linux-gnu --target=x86_64-linux-gnu
Thread model: posix
gcc version 5.2.1 20151010 (Ubuntu 5.2.1-22ubuntu2) 
COMPILER_PATH=/usr/lib/gcc/x86_64-linux-gnu/5/:/usr/lib/gcc/x86_64-linux-gnu/5/:/usr/lib/gcc/x86_64-linux-gnu/:/usr/lib/gcc/x86_64-linux-gnu/5/:/usr/lib/gcc/x86_64-linux-gnu/
LIBRARY_PATH=/usr/lib/gcc/x86_64-linux-gnu/5/:/usr/lib/gcc/x86_64-linux-gnu/5/../../../x86_64-linux-gnu/:/usr/lib/gcc/x86_64-linux-gnu/5/../../../../lib/:/lib/x86_64-linux-gnu/:/lib/../lib/:/usr/lib/x86_64-linux-gnu/:/usr/lib/../lib/:/usr/lib/gcc/x86_64-linux-gnu/5/../../../:/lib/:/usr/lib/
COLLECT_GCC_OPTIONS='-v' '-o' 'cmTryCompileExec3199232954' '-rdynamic' '-mtune=generic' '-march=x86-64'
 /usr/lib/gcc/x86_64-linux-gnu/5/collect2 -plugin /usr/lib/gcc/x86_64-linux-gnu/5/liblto_plugin.so -plugin-opt=/usr/lib/gcc/x86_64-linux-gnu/5/lto-wrapper -plugin-opt=-fresolution=/tmp/ccx1HuyX.res -plugin-opt=-pass-through=-lgcc -plugin-opt=-pass-through=-lgcc_s -plugin-opt=-pass-through=-lc -plugin-opt=-pass-through=-lgcc -plugin-opt=-pass-through=-lgcc_s --sysroot=/ --build-id --eh-frame-hdr -m elf_x86_64 --hash-style=gnu --as-needed -export-dynamic -dynamic-linker /lib64/ld-linux-x86-64.so.2 -z relro -o cmTryCompileExec3199232954 /usr/lib/gcc/x86_64-linux-gnu/5/../../../x86_64-linux-gnu/crt1.o /usr/lib/gcc/x86_64-linux-gnu/5/../../../x86_64-linux-gnu/crti.o /usr/lib/gcc/x86_64-linux-gnu/5/crtbegin.o -L/usr/lib/gcc/x86_64-linux-gnu/5 -L/usr/lib/gcc/x86_64-linux-gnu/5/../../../x86_64-linux-gnu -L/usr/lib/gcc/x86_64-linux-gnu/5/../../../../lib -L/lib/x86_64-linux-gnu -L/lib/../lib -L/usr/lib/x86_64-linux-gnu -L/usr/lib/../lib -L/usr/lib/gcc/x86_64-linux-gnu/5/../../.. CMakeFiles/cmTryCompileExec3199232954.dir/CMakeCCompilerABI.c.o -lgcc --as-needed -lgcc_s --no-as-needed -lc -lgcc --as-needed -lgcc_s --no-as-needed /usr/lib/gcc/x86_64-linux-gnu/5/crtend.o /usr/lib/gcc/x86_64-linux-gnu/5/../../../x86_64-linux-gnu/crtn.o
make[1]: Leaving directory '/home/a/scylla/yaml-cpp/CMakeFiles/CMakeTmp'


Parsed C implicit link information from above output:
  link line regex: [^( *|.*[/\])(ld|([^/\]+-)?ld|collect2)[^/\]*( |$)]
  ignore line: [Change Dir: /home/a/scylla/yaml-cpp/CMakeFiles/CMakeTmp]
  ignore line: []
  ignore line: [Run Build Command:"/usr/bin/make" "cmTryCompileExec3199232954/fast"]
  ignore line: [/usr/bin/make -f CMakeFiles/cmTryCompileExec3199232954.dir/build.make CMakeFiles/cmTryCompileExec3199232954.dir/build]
  ignore line: [make[1]: Entering directory '/home/a/scylla/yaml-cpp/CMakeFiles/CMakeTmp']
  ignore line: [/usr/bin/cmake -E cmake_progress_report /home/a/scylla/yaml-cpp/CMakeFiles/CMakeTmp/CMakeFiles 1]
  ignore line: [Building C object CMakeFiles/cmTryCompileExec3199232954.dir/CMakeCCompilerABI.c.o]
  ignore line: [/usr/bin/cc    -o CMakeFiles/cmTryCompileExec3199232954.dir/CMakeCCompilerABI.c.o   -c /usr/share/cmake-3.2/Modules/CMakeCCompilerABI.c]
  ignore line: [Linking C executable cmTryCompileExec3199232954]
  ignore line: [/usr/bin/cmake -E cmake_link_script CMakeFiles/cmTryCompileExec3199232954.dir/link.txt --verbose=1]
  ignore line: [/usr/bin/cc      -v CMakeFiles/cmTryCompileExec3199232954.dir/CMakeCCompilerABI.c.o  -o cmTryCompileExec3199232954 -rdynamic  ]
  ignore line: [Using built-in specs.]
  ignore line: [COLLECT_GCC=/usr/bin/cc]
  ignore line: [COLLECT_LTO_WRAPPER=/usr/lib/gcc/x86_64-linux-gnu/5/lto-wrapper]
  ignore line: [Target: x86_64-linux-gnu]
  ignore line: [Configured with: ../src/configure -v --with-pkgversion='Ubuntu 5.2.1-22ubuntu2' --with-bugurl=file:///usr/share/doc/gcc-5/README.Bugs --enable-languages=c,ada,c++,java,go,d,fortran,objc,obj-c++ --prefix=/usr --program-suffix=-5 --enable-shared --enable-linker-build-id --libexecdir=/usr/lib --without-included-gettext --enable-threads=posix --libdir=/usr/lib --enable-nls --with-sysroot=/ --enable-clocale=gnu --enable-libstdcxx-debug --enable-libstdcxx-time=yes --with-default-libstdcxx-abi=new --enable-gnu-unique-object --disable-vtable-verify --enable-libmpx --enable-plugin --with-system-zlib --disable-browser-plugin --enable-java-awt=gtk --enable-gtk-cairo --with-java-home=/usr/lib/jvm/java-1.5.0-gcj-5-amd64/jre --enable-java-home --with-jvm-root-dir=/usr/lib/jvm/java-1.5.0-gcj-5-amd64 --with-jvm-jar-dir=/usr/lib/jvm-exports/java-1.5.0-gcj-5-amd64 --with-arch-directory=amd64 --with-ecj-jar=/usr/share/java/eclipse-ecj.jar --enable-objc-gc --enable-multiarch --disable-werror --with-arch-32=i686 --with-abi=m64 --with-multilib-list=m32,m64,mx32 --enable-multilib --with-tune=generic --enable-checking=release --build=x86_64-linux-gnu --host=x86_64-linux-gnu --target=x86_64-linux-gnu]
  ignore line: [Thread model: posix]
  ignore line: [gcc version 5.2.1 20151010 (Ubuntu 5.2.1-22ubuntu2) ]
  ignore line: [COMPILER_PATH=/usr/lib/gcc/x86_64-linux-gnu/5/:/usr/lib/gcc/x86_64-linux-gnu/5/:/usr/lib/gcc/x86_64-linux-gnu/:/usr/lib/gcc/x86_64-linux-gnu/5/:/usr/lib/gcc/x86_64-linux-gnu/]
  ignore line: [LIBRARY_PATH=/usr/lib/gcc/x86_64-linux-gnu/5/:/usr/lib/gcc/x86_64-linux-gnu/5/../../../x86_64-linux-gnu/:/usr/lib/gcc/x86_64-linux-gnu/5/../../../../lib/:/lib/x86_64-linux-gnu/:/lib/../lib/:/usr/lib/x86_64-linux-gnu/:/usr/lib/../lib/:/usr/lib/gcc/x86_64-linux-gnu/5/../../../:/lib/:/usr/lib/]
  ignore line: [COLLECT_GCC_OPTIONS='-v' '-o' 'cmTryCompileExec3199232954' '-rdynamic' '-mtune=generic' '-march=x86-64']
  link line: [ /usr/lib/gcc/x86_64-linux-gnu/5/collect2 -plugin /usr/lib/gcc/x86_64-linux-gnu/5/liblto_plugin.so -plugin-opt=/usr/lib/gcc/x86_64-linux-gnu/5/lto-wrapper -plugin-opt=-fresolution=/tmp/ccx1HuyX.res -plugin-opt=-pass-through=-lgcc -plugin-opt=-pass-through=-lgcc_s -plugin-opt=-pass-through=-lc -plugin-opt=-pass-through=-lgcc -plugin-opt=-pass-through=-lgcc_s --sysroot=/ --build-id --eh-frame-hdr -m elf_x86_64 --hash-style=gnu --as-needed -export-dynamic -dynamic-linker /lib64/ld-linux-x86-64.so.2 -z relro -o cmTryCompileExec3199232954 /usr/lib/gcc/x86_64-linux-gnu/5/../../../x86_64-linux-gnu/crt1.o /usr/lib/gcc/x86_64-linux-gnu/5/../../../x86_64-linux-gnu/crti.o /usr/lib/gcc/x86_64-linux-gnu/5/crtbegin.o -L/usr/lib/gcc/x86_64-linux-gnu/5 -L/usr/lib/gcc/x86_64-linux-gnu/5/../../../x86_64-linux-gnu -L/usr/lib/gcc/x86_64-linux-gnu/5/../../../../lib -L/lib/x86_64-linux-gnu -L/lib/../lib -L/usr/lib/x86_64-linux-gnu -L/usr/lib/../lib -L/usr/lib/gcc/x86_64-linux-gnu/5/../../.. CMakeFiles/cmTryCompileExec3199232954.dir/CMakeCCompilerABI.c.o -lgcc --as-needed -lgcc_s --no-as-needed -lc -lgcc --as-needed -lgcc_s --no-as-needed /usr/lib/gcc/x86_64-linux-gnu/5/crtend.o /usr/lib/gcc/x86_64-linux-gnu/5/../../../x86_64-linux-gnu/crtn.o]
    arg [/usr/lib/gcc/x86_64-linux-gnu/5/collect2] ==> ignore
    arg [-plugin] ==> ignore
    arg [/usr/lib/gcc/x86_64-linux-gnu/5/liblto_plugin.so] ==> ignore
    arg [-plugin-opt=/usr/lib/gcc/x86_64-linux-gnu/5/lto-wrapper] ==> ignore
    arg [-plugin-opt=-fresolution=/tmp/ccx1HuyX.res] ==> ignore
    arg [-plugin-opt=-pass-through=-lgcc] ==> ignore
    arg [-plugin-opt=-pass-through=-lgcc_s] ==> ignore
    arg [-plugin-opt=-pass-through=-lc] ==> ignore
    arg [-plugin-opt=-pass-through=-lgcc] ==> ignore
    arg [-plugin-opt=-pass-through=-lgcc_s] ==> ignore
    arg [--sysroot=/] ==> ignore
    arg [--build-id] ==> ignore
    arg [--eh-frame-hdr] ==> ignore
    arg [-m] ==> ignore
    arg [elf_x86_64] ==> ignore
    arg [--hash-style=gnu] ==> ignore
    arg [--as-needed] ==> ignore
    arg [-export-dynamic] ==> ignore
    arg [-dynamic-linker] ==> ignore
    arg [/lib64/ld-linux-x86-64.so.2] ==> ignore
    arg [-zrelro] ==> ignore
    arg [-o] ==> ignore
    arg [cmTryCompileExec3199232954] ==> ignore
    arg [/usr/lib/gcc/x86_64-linux-gnu/5/../../../x86_64-linux-gnu/crt1.o] ==> ignore
    arg [/usr/lib/gcc/x86_64-linux-gnu/5/../../../x86_64-linux-gnu/crti.o] ==> ignore
    arg [/usr/lib/gcc/x86_64-linux-gnu/5/crtbegin.o] ==> ignore
    arg [-L/usr/lib/gcc/x86_64-linux-gnu/5] ==> dir [/usr/lib/gcc/x86_64-linux-gnu/5]
    arg [-L/usr/lib/gcc/x86_64-linux-gnu/5/../../../x86_64-linux-gnu] ==> dir [/usr/lib/gcc/x86_64-linux-gnu/5/../../../x86_64-linux-gnu]
    arg [-L/usr/lib/gcc/x86_64-linux-gnu/5/../../../../lib] ==> dir [/usr/lib/gcc/x86_64-linux-gnu/5/../../../../lib]
    arg [-L/lib/x86_64-linux-gnu] ==> dir [/lib/x86_64-linux-gnu]
    arg [-L/lib/../lib] ==> dir [/lib/../lib]
    arg [-L/usr/lib/x86_64-linux-gnu] ==> dir [/usr/lib/x86_64-linux-gnu]
    arg [-L/usr/lib/../lib] ==> dir [/usr/lib/../lib]
    arg [-L/usr/lib/gcc/x86_64-linux-gnu/5/../../..] ==> dir [/usr/lib/gcc/x86_64-linux-gnu/5/../../..]
    arg [CMakeFiles/cmTryCompileExec3199232954.dir/CMakeCCompilerABI.c.o] ==> ignore
    arg [-lgcc] ==> lib [gcc]
    arg [--as-needed] ==> ignore
    arg [-lgcc_s] ==> lib [gcc_s]
    arg [--no-as-needed] ==> ignore
    arg [-lc] ==> lib [c]
    arg [-lgcc] ==> lib [gcc]
    arg [--as-needed] ==> ignore
    arg [-lgcc_s] ==> lib [gcc_s]
    arg [--no-as-needed] ==> ignore
    arg [/usr/lib/gcc/x86_64-linux-gnu/5/crtend.o] ==> ignore
    arg [/usr/lib/gcc/x86_64-linux-gnu/5/../../../x86_64-linux-gnu/crtn.o] ==> ignore
  remove lib [gcc]
  remove lib [gcc_s]
  remove lib [gcc]
  remove lib [gcc_s]
  collapse library dir [/usr/lib/gcc/x86_64-linux-gnu/5] ==> [/usr/lib/gcc/x86_64-linux-gnu/5]
  collapse library dir [/usr/lib/gcc/x86_64-linux-gnu/5/../../../x86_64-linux-gnu] ==> [/usr/lib/x86_64-linux-gnu]
  collapse library dir [/usr/lib/gcc/x86_64-linux-gnu/5/../../../../lib] ==> [/usr/lib]
  collapse library dir [/lib/x86_64-linux-gnu] ==> [/lib/x86_64-linux-gnu]
  collapse library dir [/lib/../lib] ==> [/lib]
  collapse library dir [/usr/lib/x86_64-linux-gnu] ==> [/usr/lib/x86_64-linux-gnu]
  collapse library dir [/usr/lib/../lib] ==> [/usr/lib]
  collapse library dir [/usr/lib/gcc/x86_64-linux-gnu/5/../../..] ==> [/usr/lib]
  implicit libs: [c]
  implicit dirs: [/usr/lib/gcc/x86_64-linux-gnu/5;/usr/lib/x86_64-linux-gnu;/usr/lib;/lib/x86_64-linux-gnu;/lib]
  implicit fwks: []




Detecting C [-std=c11] compiler features compiled with the following output:
Change Dir: /home/a/scylla/yaml-cpp/CMakeFiles/CMakeTmp

Run Build Command:"/usr/bin/make" "cmTryCompileExec64121272/fast"
/usr/bin/make -f CMakeFiles/cmTryCompileExec64121272.dir/build.make CMakeFiles/cmTryCompileExec64121272.dir/build
make[1]: Entering directory '/home/a/scylla/yaml-cpp/CMakeFiles/CMakeTmp'
/usr/bin/cmake -E cmake_progress_report /home/a/scylla/yaml-cpp/CMakeFiles/CMakeTmp/CMakeFiles 1
Building C object CMakeFiles/cmTryCompileExec64121272.dir/feature_tests.c.o
/usr/bin/cc   -std=c11 -o CMakeFiles/cmTryCompileExec64121272.dir/feature_tests.c.o   -c /home/a/scylla/yaml-cpp/CMakeFiles/feature_tests.c
Linking C executable cmTryCompileExec64121272
/usr/bin/cmake -E cmake_link_script CMakeFiles/cmTryCompileExec64121272.dir/link.txt --verbose=1
/usr/bin/cc       CMakeFiles/cmTryCompileExec64121272.dir/feature_tests.c.o  -o cmTryCompileExec64121272 -rdynamic 
make[1]: Leaving directory '/home/a/scylla/yaml-cpp/CMakeFiles/CMakeTmp'


    Feature record: C_FEATURE:1c_function_prototypes
    Feature record: C_FEATURE:1c_restrict
    Feature record: C_FEATURE:1c_static_assert
    Feature record: C_FEATURE:1c_variadic_macros


Detecting C [-std=c99] compiler features compiled with the following output:
Change Dir: /home/a/scylla/yaml-cpp/CMakeFiles/CMakeTmp

Run Build Command:"/usr/bin/make" "cmTryCompileExec3889710513/fast"
/usr/bin/make -f CMakeFiles/cmTryCompileExec3889710513.dir/build.make CMakeFiles/cmTryCompileExec3889710513.dir/build
make[1]: Entering directory '/home/a/scylla/yaml-cpp/CMakeFiles/CMakeTmp'
/usr/bin/cmake -E cmake_progress_report /home/a/scylla/yaml-cpp/CMakeFiles/CMakeTmp/CMakeFiles 1
Building C object CMakeFiles/cmTryCompileExec3889710513.dir/feature_tests.c.o
/usr/bin/cc   -std=c99 -o CMakeFiles/cmTryCompileExec3889710513.dir/feature_tests.c.o   -c /home/a/scylla/yaml-cpp/CMakeFiles/feature_tests.c
Linking C executable cmTryCompileExec3889710513
/usr/bin/cmake -E cmake_link_script CMakeFiles/cmTryCompileExec3889710513.dir/link.txt --verbose=1
/usr/bin/cc       CMakeFiles/cmTryCompileExec3889710513.dir/feature_tests.c.o  -o cmTryCompileExec3889710513 -rdynamic 
make[1]: Leaving directory '/home/a/scylla/yaml-cpp/CMakeFiles/CMakeTmp'


    Feature record: C_FEATURE:1c_function_prototypes
    Feature record: C_FEATURE:1c_restrict
    Feature record: C_FEATURE:0c_static_assert
    Feature record: C_FEATURE:1c_variadic_macros


Detecting C [-std=c90] compiler features compiled with the following output:
Change Dir: /home/a/scylla/yaml-cpp/CMakeFiles/CMakeTmp

Run Build Command:"/usr/bin/make" "cmTryCompileExec3910012571/fast"
/usr/bin/make -f CMakeFiles/cmTryCompileExec3910012571.dir/build.make CMakeFiles/cmTryCompileExec3910012571.dir/build
make[1]: Entering directory '/home/a/scylla/yaml-cpp/CMakeFiles/CMakeTmp'
/usr/bin/cmake -E cmake_progress_report /home/a/scylla/yaml-cpp/CMakeFiles/CMakeTmp/CMakeFiles 1
Building C object CMakeFiles/cmTryCompileExec3910012571.dir/feature_tests.c.o
/usr/bin/cc   -std=c90 -o CMakeFiles/cmTryCompileExec3910012571.dir/feature_tests.c.o   -c /home/a/scylla/yaml-cpp/CMakeFiles/feature_tests.c
Linking C executable cmTryCompileExec3910012571
/usr/bin/cmake -E cmake_link_script CMakeFiles/cmTryCompileExec3910012571.dir/link.txt --verbose=1
/usr/bin/cc       CMakeFiles/cmTryCompileExec3910012571.dir/feature_tests.c.o  -o cmTryCompileExec3910012571 -rdynamic 
make[1]: Leaving directory '/home/a/scylla/yaml-cpp/CMakeFiles/CMakeTmp'


    Feature record: C_FEATURE:1c_function_prototypes
    Feature record: C_FEATURE:0c_restrict
    Feature record: C_FEATURE:0c_static_assert
    Feature record: C_FEATURE:0c_variadic_macros
Determining if the CXX compiler works passed with the following output:
Change Dir: /home/a/scylla/yaml-cpp/CMakeFiles/CMakeTmp

Run Build Command:"/usr/bin/make" "cmTryCompileExec2112594460/fast"
/usr/bin/make -f CMakeFiles/cmTryCompileExec2112594460.dir/build.make CMakeFiles/cmTryCompileExec2112594460.dir/build
make[1]: Entering directory '/home/a/scylla/yaml-cpp/CMakeFiles/CMakeTmp'
/usr/bin/cmake -E cmake_progress_report /home/a/scylla/yaml-cpp/CMakeFiles/CMakeTmp/CMakeFiles 1
Building CXX object CMakeFiles/cmTryCompileExec2112594460.dir/testCXXCompiler.cxx.o
/usr/bin/c++    -std=c++11 -fPIC -shared -O3 -Wall -Ipath/to/the/header     -o CMakeFiles/cmTryCompileExec2112594460.dir/testCXXCompiler.cxx.o -c /home/a/scylla/yaml-cpp/CMakeFiles/CMakeTmp/testCXXCompiler.cxx
clang: warning: argument unused during compilation: '-shared'
Linking CXX executable cmTryCompileExec2112594460
/usr/bin/cmake -E cmake_link_script CMakeFiles/cmTryCompileExec2112594460.dir/link.txt --verbose=1
/usr/bin/c++   -std=c++11 -fPIC -shared -O3 -Wall -Ipath/to/the/header      CMakeFiles/cmTryCompileExec2112594460.dir/testCXXCompiler.cxx.o  -o cmTryCompileExec2112594460 -rdynamic 
make[1]: Leaving directory '/home/a/scylla/yaml-cpp/CMakeFiles/CMakeTmp'


Detecting CXX compiler ABI info compiled with the following output:
Change Dir: /home/a/scylla/yaml-cpp/CMakeFiles/CMakeTmp

Run Build Command:"/usr/bin/make" "cmTryCompileExec1326273516/fast"
/usr/bin/make -f CMakeFiles/cmTryCompileExec1326273516.dir/build.make CMakeFiles/cmTryCompileExec1326273516.dir/build
make[1]: Entering directory '/home/a/scylla/yaml-cpp/CMakeFiles/CMakeTmp'
/usr/bin/cmake -E cmake_progress_report /home/a/scylla/yaml-cpp/CMakeFiles/CMakeTmp/CMakeFiles 1
Building CXX object CMakeFiles/cmTryCompileExec1326273516.dir/CMakeCXXCompilerABI.cpp.o
/usr/bin/c++    -std=c++11 -fPIC -shared -O3 -Wall -Ipath/to/the/header     -o CMakeFiles/cmTryCompileExec1326273516.dir/CMakeCXXCompilerABI.cpp.o -c /usr/share/cmake-3.2/Modules/CMakeCXXCompilerABI.cpp
clang: warning: argument unused during compilation: '-shared'
Linking CXX executable cmTryCompileExec1326273516
/usr/bin/cmake -E cmake_link_script CMakeFiles/cmTryCompileExec1326273516.dir/link.txt --verbose=1
/usr/bin/c++   -std=c++11 -fPIC -shared -O3 -Wall -Ipath/to/the/header     -v CMakeFiles/cmTryCompileExec1326273516.dir/CMakeCXXCompilerABI.cpp.o  -o cmTryCompileExec1326273516 -rdynamic  
Ubuntu clang version 3.6.2-1 (tags/RELEASE_362/final) (based on LLVM 3.6.2)
Target: x86_64-pc-linux-gnu
Thread model: posix
Found candidate GCC installation: /usr/bin/../lib/gcc/i686-linux-gnu/5.2.1
Found candidate GCC installation: /usr/bin/../lib/gcc/x86_64-linux-gnu/5.2.1
Found candidate GCC installation: /usr/lib/gcc/i686-linux-gnu/5.2.1
Found candidate GCC installation: /usr/lib/gcc/x86_64-linux-gnu/5.2.1
Selected GCC installation: /usr/bin/../lib/gcc/x86_64-linux-gnu/5.2.1
Candidate multilib: .;@m64
Candidate multilib: 32;@m32
Candidate multilib: x32;@mx32
Selected multilib: .;@m64
 "/usr/bin/ld" -export-dynamic --eh-frame-hdr -m elf_x86_64 -shared -o cmTryCompileExec1326273516 /usr/bin/../lib/gcc/x86_64-linux-gnu/5.2.1/../../../x86_64-linux-gnu/crti.o /usr/bin/../lib/gcc/x86_64-linux-gnu/5.2.1/crtbeginS.o -L/usr/bin/../lib/gcc/x86_64-linux-gnu/5.2.1 -L/usr/bin/../lib/gcc/x86_64-linux-gnu/5.2.1/../../../x86_64-linux-gnu -L/lib/x86_64-linux-gnu -L/lib/../lib64 -L/usr/lib/x86_64-linux-gnu -L/usr/bin/../lib/gcc/x86_64-linux-gnu/5.2.1/../../.. -L/usr/lib/llvm-3.6/bin/../lib -L/lib -L/usr/lib CMakeFiles/cmTryCompileExec1326273516.dir/CMakeCXXCompilerABI.cpp.o -lstdc++ -lm -lgcc_s -lc -lgcc_s /usr/bin/../lib/gcc/x86_64-linux-gnu/5.2.1/crtendS.o /usr/bin/../lib/gcc/x86_64-linux-gnu/5.2.1/../../../x86_64-linux-gnu/crtn.o
make[1]: Leaving directory '/home/a/scylla/yaml-cpp/CMakeFiles/CMakeTmp'


Parsed CXX implicit link information from above output:
  link line regex: [^( *|.*[/\])(ld|([^/\]+-)?ld|collect2)[^/\]*( |$)]
  ignore line: [Change Dir: /home/a/scylla/yaml-cpp/CMakeFiles/CMakeTmp]
  ignore line: []
  ignore line: [Run Build Command:"/usr/bin/make" "cmTryCompileExec1326273516/fast"]
  ignore line: [/usr/bin/make -f CMakeFiles/cmTryCompileExec1326273516.dir/build.make CMakeFiles/cmTryCompileExec1326273516.dir/build]
  ignore line: [make[1]: Entering directory '/home/a/scylla/yaml-cpp/CMakeFiles/CMakeTmp']
  ignore line: [/usr/bin/cmake -E cmake_progress_report /home/a/scylla/yaml-cpp/CMakeFiles/CMakeTmp/CMakeFiles 1]
  ignore line: [Building CXX object CMakeFiles/cmTryCompileExec1326273516.dir/CMakeCXXCompilerABI.cpp.o]
  ignore line: [/usr/bin/c++    -std=c++11 -fPIC -shared -O3 -Wall -Ipath/to/the/header     -o CMakeFiles/cmTryCompileExec1326273516.dir/CMakeCXXCompilerABI.cpp.o -c /usr/share/cmake-3.2/Modules/CMakeCXXCompilerABI.cpp]
  ignore line: [clang: warning: argument unused during compilation: '-shared']
  ignore line: [Linking CXX executable cmTryCompileExec1326273516]
  ignore line: [/usr/bin/cmake -E cmake_link_script CMakeFiles/cmTryCompileExec1326273516.dir/link.txt --verbose=1]
  ignore line: [/usr/bin/c++   -std=c++11 -fPIC -shared -O3 -Wall -Ipath/to/the/header     -v CMakeFiles/cmTryCompileExec1326273516.dir/CMakeCXXCompilerABI.cpp.o  -o cmTryCompileExec1326273516 -rdynamic  ]
  ignore line: [Ubuntu clang version 3.6.2-1 (tags/RELEASE_362/final) (based on LLVM 3.6.2)]
  ignore line: [Target: x86_64-pc-linux-gnu]
  ignore line: [Thread model: posix]
  ignore line: [Found candidate GCC installation: /usr/bin/../lib/gcc/i686-linux-gnu/5.2.1]
  ignore line: [Found candidate GCC installation: /usr/bin/../lib/gcc/x86_64-linux-gnu/5.2.1]
  ignore line: [Found candidate GCC installation: /usr/lib/gcc/i686-linux-gnu/5.2.1]
  ignore line: [Found candidate GCC installation: /usr/lib/gcc/x86_64-linux-gnu/5.2.1]
  ignore line: [Selected GCC installation: /usr/bin/../lib/gcc/x86_64-linux-gnu/5.2.1]
  ignore line: [Candidate multilib: .]
  ignore line: [@m64]
  ignore line: [Candidate multilib: 32]
  ignore line: [@m32]
  ignore line: [Candidate multilib: x32]
  ignore line: [@mx32]
  ignore line: [Selected multilib: .]
  ignore line: [@m64]
  link line: [ "/usr/bin/ld" -export-dynamic --eh-frame-hdr -m elf_x86_64 -shared -o cmTryCompileExec1326273516 /usr/bin/../lib/gcc/x86_64-linux-gnu/5.2.1/../../../x86_64-linux-gnu/crti.o /usr/bin/../lib/gcc/x86_64-linux-gnu/5.2.1/crtbeginS.o -L/usr/bin/../lib/gcc/x86_64-linux-gnu/5.2.1 -L/usr/bin/../lib/gcc/x86_64-linux-gnu/5.2.1/../../../x86_64-linux-gnu -L/lib/x86_64-linux-gnu -L/lib/../lib64 -L/usr/lib/x86_64-linux-gnu -L/usr/bin/../lib/gcc/x86_64-linux-gnu/5.2.1/../../.. -L/usr/lib/llvm-3.6/bin/../lib -L/lib -L/usr/lib CMakeFiles/cmTryCompileExec1326273516.dir/CMakeCXXCompilerABI.cpp.o -lstdc++ -lm -lgcc_s -lc -lgcc_s /usr/bin/../lib/gcc/x86_64-linux-gnu/5.2.1/crtendS.o /usr/bin/../lib/gcc/x86_64-linux-gnu/5.2.1/../../../x86_64-linux-gnu/crtn.o]
    arg [/usr/bin/ld] ==> ignore
    arg [-export-dynamic] ==> ignore
    arg [--eh-frame-hdr] ==> ignore
    arg [-m] ==> ignore
    arg [elf_x86_64] ==> ignore
    arg [-shared] ==> ignore
    arg [-o] ==> ignore
    arg [cmTryCompileExec1326273516] ==> ignore
    arg [/usr/bin/../lib/gcc/x86_64-linux-gnu/5.2.1/../../../x86_64-linux-gnu/crti.o] ==> ignore
    arg [/usr/bin/../lib/gcc/x86_64-linux-gnu/5.2.1/crtbeginS.o] ==> ignore
    arg [-L/usr/bin/../lib/gcc/x86_64-linux-gnu/5.2.1] ==> dir [/usr/bin/../lib/gcc/x86_64-linux-gnu/5.2.1]
    arg [-L/usr/bin/../lib/gcc/x86_64-linux-gnu/5.2.1/../../../x86_64-linux-gnu] ==> dir [/usr/bin/../lib/gcc/x86_64-linux-gnu/5.2.1/../../../x86_64-linux-gnu]
    arg [-L/lib/x86_64-linux-gnu] ==> dir [/lib/x86_64-linux-gnu]
    arg [-L/lib/../lib64] ==> dir [/lib/../lib64]
    arg [-L/usr/lib/x86_64-linux-gnu] ==> dir [/usr/lib/x86_64-linux-gnu]
    arg [-L/usr/bin/../lib/gcc/x86_64-linux-gnu/5.2.1/../../..] ==> dir [/usr/bin/../lib/gcc/x86_64-linux-gnu/5.2.1/../../..]
    arg [-L/usr/lib/llvm-3.6/bin/../lib] ==> dir [/usr/lib/llvm-3.6/bin/../lib]
    arg [-L/lib] ==> dir [/lib]
    arg [-L/usr/lib] ==> dir [/usr/lib]
    arg [CMakeFiles/cmTryCompileExec1326273516.dir/CMakeCXXCompilerABI.cpp.o] ==> ignore
    arg [-lstdc++] ==> lib [stdc++]
    arg [-lm] ==> lib [m]
    arg [-lgcc_s] ==> lib [gcc_s]
    arg [-lc] ==> lib [c]
    arg [-lgcc_s] ==> lib [gcc_s]
    arg [/usr/bin/../lib/gcc/x86_64-linux-gnu/5.2.1/crtendS.o] ==> ignore
    arg [/usr/bin/../lib/gcc/x86_64-linux-gnu/5.2.1/../../../x86_64-linux-gnu/crtn.o] ==> ignore
  remove lib [gcc_s]
  remove lib [gcc_s]
  collapse library dir [/usr/bin/../lib/gcc/x86_64-linux-gnu/5.2.1] ==> [/usr/lib/gcc/x86_64-linux-gnu/5.2.1]
  collapse library dir [/usr/bin/../lib/gcc/x86_64-linux-gnu/5.2.1/../../../x86_64-linux-gnu] ==> [/usr/lib/x86_64-linux-gnu]
  collapse library dir [/lib/x86_64-linux-gnu] ==> [/lib/x86_64-linux-gnu]
  collapse library dir [/lib/../lib64] ==> [/lib64]
  collapse library dir [/usr/lib/x86_64-linux-gnu] ==> [/usr/lib/x86_64-linux-gnu]
  collapse library dir [/usr/bin/../lib/gcc/x86_64-linux-gnu/5.2.1/../../..] ==> [/usr/lib]
  collapse library dir [/usr/lib/llvm-3.6/bin/../lib] ==> [/usr/lib/llvm-3.6/lib]
  collapse library dir [/lib] ==> [/lib]
  collapse library dir [/usr/lib] ==> [/usr/lib]
  implicit libs: [stdc++;m;c]
  implicit dirs: [/usr/lib/gcc/x86_64-linux-gnu/5.2.1;/usr/lib/x86_64-linux-gnu;/lib/x86_64-linux-gnu;/lib64;/usr/lib;/usr/lib/llvm-3.6/lib;/lib]
  implicit fwks: []




Detecting CXX [-std=c++14] compiler features compiled with the following output:
Change Dir: /home/a/scylla/yaml-cpp/CMakeFiles/CMakeTmp

Run Build Command:"/usr/bin/make" "cmTryCompileExec1363927583/fast"
/usr/bin/make -f CMakeFiles/cmTryCompileExec1363927583.dir/build.make CMakeFiles/cmTryCompileExec1363927583.dir/build
make[1]: Entering directory '/home/a/scylla/yaml-cpp/CMakeFiles/CMakeTmp'
/usr/bin/cmake -E cmake_progress_report /home/a/scylla/yaml-cpp/CMakeFiles/CMakeTmp/CMakeFiles 1
Building CXX object CMakeFiles/cmTryCompileExec1363927583.dir/feature_tests.cxx.o
/usr/bin/c++    -std=c++11 -fPIC -shared -O3 -Wall -Ipath/to/the/header     -std=c++14 -o CMakeFiles/cmTryCompileExec1363927583.dir/feature_tests.cxx.o -c /home/a/scylla/yaml-cpp/CMakeFiles/feature_tests.cxx
clang: warning: argument unused during compilation: '-shared'
Linking CXX executable cmTryCompileExec1363927583
/usr/bin/cmake -E cmake_link_script CMakeFiles/cmTryCompileExec1363927583.dir/link.txt --verbose=1
/usr/bin/c++   -std=c++11 -fPIC -shared -O3 -Wall -Ipath/to/the/header      CMakeFiles/cmTryCompileExec1363927583.dir/feature_tests.cxx.o  -o cmTryCompileExec1363927583 -rdynamic 
make[1]: Leaving directory '/home/a/scylla/yaml-cpp/CMakeFiles/CMakeTmp'


    Feature record: CXX_FEATURE:1cxx_aggregate_default_initializers
    Feature record: CXX_FEATURE:1cxx_alias_templates
    Feature record: CXX_FEATURE:1cxx_alignas
    Feature record: CXX_FEATURE:1cxx_alignof
    Feature record: CXX_FEATURE:1cxx_attributes
    Feature record: CXX_FEATURE:1cxx_attribute_deprecated
    Feature record: CXX_FEATURE:1cxx_auto_type
    Feature record: CXX_FEATURE:1cxx_binary_literals
    Feature record: CXX_FEATURE:1cxx_constexpr
    Feature record: CXX_FEATURE:1cxx_contextual_conversions
    Feature record: CXX_FEATURE:1cxx_decltype
    Feature record: CXX_FEATURE:1cxx_decltype_auto
    Feature record: CXX_FEATURE:1cxx_decltype_incomplete_return_types
    Feature record: CXX_FEATURE:1cxx_default_function_template_args
    Feature record: CXX_FEATURE:1cxx_defaulted_functions
    Feature record: CXX_FEATURE:1cxx_defaulted_move_initializers
    Feature record: CXX_FEATURE:1cxx_delegating_constructors
    Feature record: CXX_FEATURE:1cxx_deleted_functions
    Feature record: CXX_FEATURE:1cxx_digit_separators
    Feature record: CXX_FEATURE:1cxx_enum_forward_declarations
    Feature record: CXX_FEATURE:1cxx_explicit_conversions
    Feature record: CXX_FEATURE:1cxx_extended_friend_declarations
    Feature record: CXX_FEATURE:1cxx_extern_templates
    Feature record: CXX_FEATURE:1cxx_final
    Feature record: CXX_FEATURE:1cxx_func_identifier
    Feature record: CXX_FEATURE:1cxx_generalized_initializers
    Feature record: CXX_FEATURE:1cxx_generic_lambdas
    Feature record: CXX_FEATURE:1cxx_inheriting_constructors
    Feature record: CXX_FEATURE:1cxx_inline_namespaces
    Feature record: CXX_FEATURE:1cxx_lambdas
    Feature record: CXX_FEATURE:1cxx_lambda_init_captures
    Feature record: CXX_FEATURE:1cxx_local_type_template_args
    Feature record: CXX_FEATURE:1cxx_long_long_type
    Feature record: CXX_FEATURE:1cxx_noexcept
    Feature record: CXX_FEATURE:1cxx_nonstatic_member_init
    Feature record: CXX_FEATURE:1cxx_nullptr
    Feature record: CXX_FEATURE:1cxx_override
    Feature record: CXX_FEATURE:1cxx_range_for
    Feature record: CXX_FEATURE:1cxx_raw_string_literals
    Feature record: CXX_FEATURE:1cxx_reference_qualified_functions
    Feature record: CXX_FEATURE:1cxx_relaxed_constexpr
    Feature record: CXX_FEATURE:1cxx_return_type_deduction
    Feature record: CXX_FEATURE:1cxx_right_angle_brackets
    Feature record: CXX_FEATURE:1cxx_rvalue_references
    Feature record: CXX_FEATURE:1cxx_sizeof_member
    Feature record: CXX_FEATURE:1cxx_static_assert
    Feature record: CXX_FEATURE:1cxx_strong_enums
    Feature record: CXX_FEATURE:1cxx_template_template_parameters
    Feature record: CXX_FEATURE:1cxx_thread_local
    Feature record: CXX_FEATURE:1cxx_trailing_return_types
    Feature record: CXX_FEATURE:1cxx_unicode_literals
    Feature record: CXX_FEATURE:1cxx_uniform_initialization
    Feature record: CXX_FEATURE:1cxx_unrestricted_unions
    Feature record: CXX_FEATURE:1cxx_user_literals
    Feature record: CXX_FEATURE:1cxx_variable_templates
    Feature record: CXX_FEATURE:1cxx_variadic_macros
    Feature record: CXX_FEATURE:1cxx_variadic_templates


Detecting CXX [-std=c++11] compiler features compiled with the following output:
Change Dir: /home/a/scylla/yaml-cpp/CMakeFiles/CMakeTmp

Run Build Command:"/usr/bin/make" "cmTryCompileExec2112687735/fast"
/usr/bin/make -f CMakeFiles/cmTryCompileExec2112687735.dir/build.make CMakeFiles/cmTryCompileExec2112687735.dir/build
make[1]: Entering directory '/home/a/scylla/yaml-cpp/CMakeFiles/CMakeTmp'
/usr/bin/cmake -E cmake_progress_report /home/a/scylla/yaml-cpp/CMakeFiles/CMakeTmp/CMakeFiles 1
Building CXX object CMakeFiles/cmTryCompileExec2112687735.dir/feature_tests.cxx.o
/usr/bin/c++    -std=c++11 -fPIC -shared -O3 -Wall -Ipath/to/the/header     -std=c++11 -o CMakeFiles/cmTryCompileExec2112687735.dir/feature_tests.cxx.o -c /home/a/scylla/yaml-cpp/CMakeFiles/feature_tests.cxx
clang: warning: argument unused during compilation: '-shared'
Linking CXX executable cmTryCompileExec2112687735
/usr/bin/cmake -E cmake_link_script CMakeFiles/cmTryCompileExec2112687735.dir/link.txt --verbose=1
/usr/bin/c++   -std=c++11 -fPIC -shared -O3 -Wall -Ipath/to/the/header      CMakeFiles/cmTryCompileExec2112687735.dir/feature_tests.cxx.o  -o cmTryCompileExec2112687735 -rdynamic 
make[1]: Leaving directory '/home/a/scylla/yaml-cpp/CMakeFiles/CMakeTmp'


    Feature record: CXX_FEATURE:0cxx_aggregate_default_initializers
    Feature record: CXX_FEATURE:1cxx_alias_templates
    Feature record: CXX_FEATURE:1cxx_alignas
    Feature record: CXX_FEATURE:1cxx_alignof
    Feature record: CXX_FEATURE:1cxx_attributes
    Feature record: CXX_FEATURE:0cxx_attribute_deprecated
    Feature record: CXX_FEATURE:1cxx_auto_type
    Feature record: CXX_FEATURE:0cxx_binary_literals
    Feature record: CXX_FEATURE:1cxx_constexpr
    Feature record: CXX_FEATURE:0cxx_contextual_conversions
    Feature record: CXX_FEATURE:1cxx_decltype
    Feature record: CXX_FEATURE:0cxx_decltype_auto
    Feature record: CXX_FEATURE:1cxx_decltype_incomplete_return_types
    Feature record: CXX_FEATURE:1cxx_default_function_template_args
    Feature record: CXX_FEATURE:1cxx_defaulted_functions
    Feature record: CXX_FEATURE:1cxx_defaulted_move_initializers
    Feature record: CXX_FEATURE:1cxx_delegating_constructors
    Feature record: CXX_FEATURE:1cxx_deleted_functions
    Feature record: CXX_FEATURE:0cxx_digit_separators
    Feature record: CXX_FEATURE:1cxx_enum_forward_declarations
    Feature record: CXX_FEATURE:1cxx_explicit_conversions
    Feature record: CXX_FEATURE:1cxx_extended_friend_declarations
    Feature record: CXX_FEATURE:1cxx_extern_templates
    Feature record: CXX_FEATURE:1cxx_final
    Feature record: CXX_FEATURE:1cxx_func_identifier
    Feature record: CXX_FEATURE:1cxx_generalized_initializers
    Feature record: CXX_FEATURE:0cxx_generic_lambdas
    Feature record: CXX_FEATURE:1cxx_inheriting_constructors
    Feature record: CXX_FEATURE:1cxx_inline_namespaces
    Feature record: CXX_FEATURE:1cxx_lambdas
    Feature record: CXX_FEATURE:0cxx_lambda_init_captures
    Feature record: CXX_FEATURE:1cxx_local_type_template_args
    Feature record: CXX_FEATURE:1cxx_long_long_type
    Feature record: CXX_FEATURE:1cxx_noexcept
    Feature record: CXX_FEATURE:1cxx_nonstatic_member_init
    Feature record: CXX_FEATURE:1cxx_nullptr
    Feature record: CXX_FEATURE:1cxx_override
    Feature record: CXX_FEATURE:1cxx_range_for
    Feature record: CXX_FEATURE:1cxx_raw_string_literals
    Feature record: CXX_FEATURE:1cxx_reference_qualified_functions
    Feature record: CXX_FEATURE:0cxx_relaxed_constexpr
    Feature record: CXX_FEATURE:0cxx_return_type_deduction
    Feature record: CXX_FEATURE:1cxx_right_angle_brackets
    Feature record: CXX_FEATURE:1cxx_rvalue_references
    Feature record: CXX_FEATURE:1cxx_sizeof_member
    Feature record: CXX_FEATURE:1cxx_static_assert
    Feature record: CXX_FEATURE:1cxx_strong_enums
    Feature record: CXX_FEATURE:1cxx_template_template_parameters
    Feature record: CXX_FEATURE:1cxx_thread_local
    Feature record: CXX_FEATURE:1cxx_trailing_return_types
    Feature record: CXX_FEATURE:1cxx_unicode_literals
    Feature record: CXX_FEATURE:1cxx_uniform_initialization
    Feature record: CXX_FEATURE:1cxx_unrestricted_unions
    Feature record: CXX_FEATURE:1cxx_user_literals
    Feature record: CXX_FEATURE:0cxx_variable_templates
    Feature record: CXX_FEATURE:1cxx_variadic_macros
    Feature record: CXX_FEATURE:1cxx_variadic_templates


Detecting CXX [-std=c++98] compiler features compiled with the following output:
Change Dir: /home/a/scylla/yaml-cpp/CMakeFiles/CMakeTmp

Run Build Command:"/usr/bin/make" "cmTryCompileExec2580656745/fast"
/usr/bin/make -f CMakeFiles/cmTryCompileExec2580656745.dir/build.make CMakeFiles/cmTryCompileExec2580656745.dir/build
make[1]: Entering directory '/home/a/scylla/yaml-cpp/CMakeFiles/CMakeTmp'
/usr/bin/cmake -E cmake_progress_report /home/a/scylla/yaml-cpp/CMakeFiles/CMakeTmp/CMakeFiles 1
Building CXX object CMakeFiles/cmTryCompileExec2580656745.dir/feature_tests.cxx.o
/usr/bin/c++    -std=c++11 -fPIC -shared -O3 -Wall -Ipath/to/the/header     -std=c++98 -o CMakeFiles/cmTryCompileExec2580656745.dir/feature_tests.cxx.o -c /home/a/scylla/yaml-cpp/CMakeFiles/feature_tests.cxx
clang: warning: argument unused during compilation: '-shared'
Linking CXX executable cmTryCompileExec2580656745
/usr/bin/cmake -E cmake_link_script CMakeFiles/cmTryCompileExec2580656745.dir/link.txt --verbose=1
/usr/bin/c++   -std=c++11 -fPIC -shared -O3 -Wall -Ipath/to/the/header      CMakeFiles/cmTryCompileExec2580656745.dir/feature_tests.cxx.o  -o cmTryCompileExec2580656745 -rdynamic 
make[1]: Leaving directory '/home/a/scylla/yaml-cpp/CMakeFiles/CMakeTmp'


    Feature record: CXX_FEATURE:0cxx_aggregate_default_initializers
    Feature record: CXX_FEATURE:0cxx_alias_templates
    Feature record: CXX_FEATURE:0cxx_alignas
    Feature record: CXX_FEATURE:0cxx_alignof
    Feature record: CXX_FEATURE:0cxx_attributes
    Feature record: CXX_FEATURE:0cxx_attribute_deprecated
    Feature record: CXX_FEATURE:0cxx_auto_type
    Feature record: CXX_FEATURE:0cxx_binary_literals
    Feature record: CXX_FEATURE:0cxx_constexpr
    Feature record: CXX_FEATURE:0cxx_contextual_conversions
    Feature record: CXX_FEATURE:0cxx_decltype
    Feature record: CXX_FEATURE:0cxx_decltype_auto
    Feature record: CXX_FEATURE:0cxx_decltype_incomplete_return_types
    Feature record: CXX_FEATURE:0cxx_default_function_template_args
    Feature record: CXX_FEATURE:0cxx_defaulted_functions
    Feature record: CXX_FEATURE:0cxx_defaulted_move_initializers
    Feature record: CXX_FEATURE:0cxx_delegating_constructors
    Feature record: CXX_FEATURE:0cxx_deleted_functions
    Feature record: CXX_FEATURE:0cxx_digit_separators
    Feature record: CXX_FEATURE:0cxx_enum_forward_declarations
    Feature record: CXX_FEATURE:0cxx_explicit_conversions
    Feature record: CXX_FEATURE:0cxx_extended_friend_declarations
    Feature record: CXX_FEATURE:0cxx_extern_templates
    Feature record: CXX_FEATURE:0cxx_final
    Feature record: CXX_FEATURE:0cxx_func_identifier
    Feature record: CXX_FEATURE:0cxx_generalized_initializers
    Feature record: CXX_FEATURE:0cxx_generic_lambdas
    Feature record: CXX_FEATURE:0cxx_inheriting_constructors
    Feature record: CXX_FEATURE:0cxx_inline_namespaces
    Feature record: CXX_FEATURE:0cxx_lambdas
    Feature record: CXX_FEATURE:0cxx_lambda_init_captures
    Feature record: CXX_FEATURE:0cxx_local_type_template_args
    Feature record: CXX_FEATURE:0cxx_long_long_type
    Feature record: CXX_FEATURE:0cxx_noexcept
    Feature record: CXX_FEATURE:0cxx_nonstatic_member_init
    Feature record: CXX_FEATURE:0cxx_nullptr
    Feature record: CXX_FEATURE:0cxx_override
    Feature record: CXX_FEATURE:0cxx_range_for
    Feature record: CXX_FEATURE:0cxx_raw_string_literals
    Feature record: CXX_FEATURE:0cxx_reference_qualified_functions
    Feature record: CXX_FEATURE:0cxx_relaxed_constexpr
    Feature record: CXX_FEATURE:0cxx_return_type_deduction
    Feature record: CXX_FEATURE:0cxx_right_angle_brackets
    Feature record: CXX_FEATURE:0cxx_rvalue_references
    Feature record: CXX_FEATURE:0cxx_sizeof_member
    Feature record: CXX_FEATURE:0cxx_static_assert
    Feature record: CXX_FEATURE:0cxx_strong_enums
    Feature record: CXX_FEATURE:1cxx_template_template_parameters
    Feature record: CXX_FEATURE:0cxx_thread_local
    Feature record: CXX_FEATURE:0cxx_trailing_return_types
    Feature record: CXX_FEATURE:0cxx_unicode_literals
    Feature record: CXX_FEATURE:0cxx_uniform_initialization
    Feature record: CXX_FEATURE:0cxx_unrestricted_unions
    Feature record: CXX_FEATURE:0cxx_user_literals
    Feature record: CXX_FEATURE:0cxx_variable_templates
    Feature record: CXX_FEATURE:0cxx_variadic_macros
    Feature record: CXX_FEATURE:0cxx_variadic_templates
Performing C++ SOURCE FILE Test FLAG_WEXTRA succeded with the following output:
Change Dir: /home/a/scylla/yaml-cpp/CMakeFiles/CMakeTmp

Run Build Command:"/usr/bin/make" "cmTryCompileExec2527374353/fast"
/usr/bin/make -f CMakeFiles/cmTryCompileExec2527374353.dir/build.make CMakeFiles/cmTryCompileExec2527374353.dir/build
make[1]: Entering directory '/home/a/scylla/yaml-cpp/CMakeFiles/CMakeTmp'
/usr/bin/cmake -E cmake_progress_report /home/a/scylla/yaml-cpp/CMakeFiles/CMakeTmp/CMakeFiles 1
Building CXX object CMakeFiles/cmTryCompileExec2527374353.dir/src.cxx.o
/usr/bin/c++    -std=c++11 -fPIC -shared -O3 -Wall -Ipath/to/the/header  -DFLAG_WEXTRA   -Wextra -o CMakeFiles/cmTryCompileExec2527374353.dir/src.cxx.o -c /home/a/scylla/yaml-cpp/CMakeFiles/CMakeTmp/src.cxx
clang: warning: argument unused during compilation: '-shared'
Linking CXX executable cmTryCompileExec2527374353
/usr/bin/cmake -E cmake_link_script CMakeFiles/cmTryCompileExec2527374353.dir/link.txt --verbose=1
/usr/bin/c++   -std=c++11 -fPIC -shared -O3 -Wall -Ipath/to/the/header  -DFLAG_WEXTRA    CMakeFiles/cmTryCompileExec2527374353.dir/src.cxx.o  -o cmTryCompileExec2527374353 -rdynamic 
make[1]: Leaving directory '/home/a/scylla/yaml-cpp/CMakeFiles/CMakeTmp'

Source file was:
int main() { return 0; }
Determining if files pthread.h exist passed with the following output:
Change Dir: /home/a/scylla/yaml-cpp/CMakeFiles/CMakeTmp

Run Build Command:"/usr/bin/make" "cmTryCompileExec2977369517/fast"
/usr/bin/make -f CMakeFiles/cmTryCompileExec2977369517.dir/build.make CMakeFiles/cmTryCompileExec2977369517.dir/build
make[1]: Entering directory '/home/a/scylla/yaml-cpp/CMakeFiles/CMakeTmp'
/usr/bin/cmake -E cmake_progress_report /home/a/scylla/yaml-cpp/CMakeFiles/CMakeTmp/CMakeFiles 1
Building C object CMakeFiles/cmTryCompileExec2977369517.dir/CheckIncludeFiles.c.o
/usr/bin/cc    -o CMakeFiles/cmTryCompileExec2977369517.dir/CheckIncludeFiles.c.o   -c /home/a/scylla/yaml-cpp/CMakeFiles/CMakeTmp/CheckIncludeFiles.c
Linking C executable cmTryCompileExec2977369517
/usr/bin/cmake -E cmake_link_script CMakeFiles/cmTryCompileExec2977369517.dir/link.txt --verbose=1
/usr/bin/cc       CMakeFiles/cmTryCompileExec2977369517.dir/CheckIncludeFiles.c.o  -o cmTryCompileExec2977369517 -rdynamic 
make[1]: Leaving directory '/home/a/scylla/yaml-cpp/CMakeFiles/CMakeTmp'


Determining if the function pthread_create exists in the pthread passed with the following output:
Change Dir: /home/a/scylla/yaml-cpp/CMakeFiles/CMakeTmp

Run Build Command:"/usr/bin/make" "cmTryCompileExec647899489/fast"
/usr/bin/make -f CMakeFiles/cmTryCompileExec647899489.dir/build.make CMakeFiles/cmTryCompileExec647899489.dir/build
make[1]: Entering directory '/home/a/scylla/yaml-cpp/CMakeFiles/CMakeTmp'
/usr/bin/cmake -E cmake_progress_report /home/a/scylla/yaml-cpp/CMakeFiles/CMakeTmp/CMakeFiles 1
Building C object CMakeFiles/cmTryCompileExec647899489.dir/CheckFunctionExists.c.o
/usr/bin/cc   -DCHECK_FUNCTION_EXISTS=pthread_create   -o CMakeFiles/cmTryCompileExec647899489.dir/CheckFunctionExists.c.o   -c /usr/share/cmake-3.2/Modules/CheckFunctionExists.c
Linking C executable cmTryCompileExec647899489
/usr/bin/cmake -E cmake_link_script CMakeFiles/cmTryCompileExec647899489.dir/link.txt --verbose=1
/usr/bin/cc   -DCHECK_FUNCTION_EXISTS=pthread_create    CMakeFiles/cmTryCompileExec647899489.dir/CheckFunctionExists.c.o  -o cmTryCompileExec647899489 -rdynamic -lpthread 
make[1]: Leaving directory '/home/a/scylla/yaml-cpp/CMakeFiles/CMakeTmp'


